2019-11-29 10:16:24,013 INFO o.a.j.u.JMeterUtils: Setting Locale to en_EN
2019-11-29 10:16:24,039 INFO o.a.j.JMeter: Loading user properties from: user.properties
2019-11-29 10:16:24,040 INFO o.a.j.JMeter: Loading system properties from: system.properties
2019-11-29 10:16:24,043 INFO o.a.j.JMeter: Copyright (c) 1998-2019 The Apache Software Foundation
2019-11-29 10:16:24,043 INFO o.a.j.JMeter: Version 5.2
2019-11-29 10:16:24,043 INFO o.a.j.JMeter: java.version=1.8.0_191
2019-11-29 10:16:24,043 INFO o.a.j.JMeter: java.vm.name=Java HotSpot(TM) 64-Bit Server VM
2019-11-29 10:16:24,043 INFO o.a.j.JMeter: os.name=Windows 10
2019-11-29 10:16:24,043 INFO o.a.j.JMeter: os.arch=amd64
2019-11-29 10:16:24,043 INFO o.a.j.JMeter: os.version=10.0
2019-11-29 10:16:24,043 INFO o.a.j.JMeter: file.encoding=Cp1252
2019-11-29 10:16:24,044 INFO o.a.j.JMeter: java.awt.headless=null
2019-11-29 10:16:24,044 INFO o.a.j.JMeter: Max memory     =1073741824
2019-11-29 10:16:24,044 INFO o.a.j.JMeter: Available Processors =4
2019-11-29 10:16:24,053 INFO o.a.j.JMeter: Default Locale=English (EN)
2019-11-29 10:16:24,054 INFO o.a.j.JMeter: JMeter  Locale=English (EN)
2019-11-29 10:16:24,054 INFO o.a.j.JMeter: JMeterHome=C:\apache-jmeter-5.2
2019-11-29 10:16:24,054 INFO o.a.j.JMeter: user.dir  =C:\apache-jmeter-5.2\bin
2019-11-29 10:16:24,054 INFO o.a.j.JMeter: PWD       =C:\apache-jmeter-5.2\bin
2019-11-29 10:16:28,732 INFO o.a.j.JMeter: IP: 10.0.75.1 Name: DESKTOP-EFC48BV FullName: DESKTOP-EFC48BV
2019-11-29 10:16:29,128 INFO o.a.j.g.a.LookAndFeelCommand: Installing Darcula LAF
2019-11-29 10:16:29,162 INFO o.a.j.g.a.LookAndFeelCommand: Using look and feel: javax.swing.plaf.nimbus.NimbusLookAndFeel [Darcula]
2019-11-29 10:16:29,163 INFO o.a.j.JMeter: Setting LAF to: javax.swing.plaf.nimbus.NimbusLookAndFeel
2019-11-29 10:16:29,237 INFO o.a.j.JMeter: Loaded icon properties from org/apache/jmeter/images/icon.properties
2019-11-29 10:16:33,372 INFO o.a.j.p.h.s.HTTPSamplerBase: Parser for text/html is org.apache.jmeter.protocol.http.parser.LagartoBasedHtmlParser
2019-11-29 10:16:33,373 INFO o.a.j.p.h.s.HTTPSamplerBase: Parser for application/xhtml+xml is org.apache.jmeter.protocol.http.parser.LagartoBasedHtmlParser
2019-11-29 10:16:33,373 INFO o.a.j.p.h.s.HTTPSamplerBase: Parser for application/xml is org.apache.jmeter.protocol.http.parser.LagartoBasedHtmlParser
2019-11-29 10:16:33,373 INFO o.a.j.p.h.s.HTTPSamplerBase: Parser for text/xml is org.apache.jmeter.protocol.http.parser.LagartoBasedHtmlParser
2019-11-29 10:16:33,373 INFO o.a.j.p.h.s.HTTPSamplerBase: Parser for text/vnd.wap.wml is org.apache.jmeter.protocol.http.parser.RegexpHTMLParser
2019-11-29 10:16:33,373 INFO o.a.j.p.h.s.HTTPSamplerBase: Parser for text/css is org.apache.jmeter.protocol.http.parser.CssParser
2019-11-29 10:16:34,238 INFO o.a.j.e.KeyToolUtils: keytool found at 'keytool'
2019-11-29 10:16:34,240 INFO o.a.j.p.h.p.ProxyControl: HTTP(S) Test Script Recorder SSL Proxy will use keys that support embedded 3rd party resources in file C:\apache-jmeter-5.2\bin\proxyserver.jks
2019-11-29 10:16:34,490 INFO o.a.j.s.FileServer: Default base='C:\apache-jmeter-5.2\bin'
2019-11-29 10:16:35,721 INFO o.a.j.s.SampleResult: Note: Sample TimeStamps are START times
2019-11-29 10:16:35,722 INFO o.a.j.s.SampleResult: sampleresult.default.encoding is set to ISO-8859-1
2019-11-29 10:16:35,722 INFO o.a.j.s.SampleResult: sampleresult.useNanoTime=true
2019-11-29 10:16:35,722 INFO o.a.j.s.SampleResult: sampleresult.nanoThreadSleep=5000
